13:26:33: Creating resource group General
13:26:33: Creating resource group Internal
13:26:33: Creating resource group Autodetect
13:26:33: SceneManagerFactory for type 'DefaultSceneManager' registered.
13:26:33: Registering ResourceManager for type Material
13:26:33: Registering ResourceManager for type Mesh
13:26:33: Registering ResourceManager for type Skeleton
13:26:33: MovableObjectFactory for type 'ParticleSystem' registered.
13:26:33: OverlayElementFactory for type Panel registered.
13:26:33: OverlayElementFactory for type BorderPanel registered.
13:26:33: OverlayElementFactory for type TextArea registered.
13:26:33: Registering ResourceManager for type Font
13:26:33: ArchiveFactory for archive type FileSystem registered.
13:26:33: ArchiveFactory for archive type Zip registered.
13:26:33: DDS codec registering
13:26:33: FreeImage version: 3.13.1
13:26:33: This program uses FreeImage, a free, open source image library supporting all common bitmap formats. See http://freeimage.sourceforge.net for details
13:26:33: Supported formats: bmp,ico,jpg,jif,jpeg,jpe,jng,koa,iff,lbm,mng,pbm,pbm,pcd,pcx,pgm,pgm,png,ppm,ppm,ras,tga,targa,tif,tiff,wap,wbmp,wbm,psd,cut,xbm,xpm,gif,hdr,g3,sgi,exr,j2k,j2c,jp2,pfm,pct,pict,pic,bay,bmq,cr2,crw,cs1,dc2,dcr,dng,erf,fff,hdr,k25,kdc,mdc,mos,mrw,nef,orf,pef,pxn,raf,raw,rdc,sr2,srf,arw,3fr,cine,ia,kc2,mef,nrw,qtk,rw2,sti,drf,dsc,ptx,cap,iiq,rwz
13:26:33: Registering ResourceManager for type HighLevelGpuProgram
13:26:33: Registering ResourceManager for type Compositor
13:26:33: MovableObjectFactory for type 'Entity' registered.
13:26:33: MovableObjectFactory for type 'Light' registered.
13:26:33: MovableObjectFactory for type 'BillboardSet' registered.
13:26:33: MovableObjectFactory for type 'ManualObject' registered.
13:26:33: MovableObjectFactory for type 'BillboardChain' registered.
13:26:33: MovableObjectFactory for type 'RibbonTrail' registered.
13:26:33: OGRE EXCEPTION(6:FileNotFoundException): 'plugins.cfg' file not found! in ConfigFile::load at ..\..\OgreMain\src\OgreConfigFile.cpp (line 83)
13:26:33: plugins.cfg not found, automatic plugin loading disabled.
13:26:33: *-*-* OGRE Initialising
13:26:33: *-*-* Version 1.7.1 (Cthugha)
13:26:33: Loading library RenderSystem_Direct3D9
13:26:34: Installing plugin: D3D9 RenderSystem
13:26:34: D3D9 : Direct3D9 Rendering Subsystem created.
13:26:37: D3D9: Driver Detection Starts
13:26:37: D3D9: Driver Detection Ends
13:26:37: Plugin successfully installed
13:26:38: CPU Identifier & Features
13:26:38: -------------------------
13:26:38:  *   CPU ID: AuthenticAMD: AMD A8-7410 APU with AMD Radeon R5 Graphics
13:26:38:  *      SSE: yes
13:26:38:  *     SSE2: yes
13:26:38:  *     SSE3: yes
13:26:38:  *      MMX: yes
13:26:38:  *   MMXEXT: yes
13:26:38:  *    3DNOW: no
13:26:38:  * 3DNOWEXT: no
13:26:38:  *     CMOV: yes
13:26:38:  *      TSC: yes
13:26:38:  *      FPU: yes
13:26:38:  *      PRO: yes
13:26:38:  *       HT: no
13:26:38: -------------------------
13:26:38: D3D9 : Subsystem Initialising
13:26:38: Registering ResourceManager for type Texture
13:26:38: Registering ResourceManager for type GpuProgram
13:26:38: ***************************************
13:26:38: *** D3D9 : Subsystem Initialised OK ***
13:26:38: ***************************************
13:26:38: D3D9RenderSystem::_createRenderWindow "OgreWindow", 100x30 windowed  miscParams: FSAA=8 (Quality) parentWindowHandle=397074 vsync=true 
13:26:38: WM_SIZE
13:26:38: WM_MOVE
13:26:38: D3D9 : Created D3D9 Rendering Window 'OgreWindow' : 108x61, 32bpp
13:26:39: D3D9: Vertex texture format supported - PF_L8
13:26:39: D3D9: Vertex texture format supported - PF_L16
13:26:39: D3D9: Vertex texture format supported - PF_A8
13:26:39: D3D9: Vertex texture format supported - PF_A4L4
13:26:39: D3D9: Vertex texture format supported - PF_BYTE_LA
13:26:39: D3D9: Vertex texture format supported - PF_R5G6B5
13:26:39: D3D9: Vertex texture format supported - PF_B5G6R5
13:26:39: D3D9: Vertex texture format supported - PF_A4R4G4B4
13:26:39: D3D9: Vertex texture format supported - PF_A1R5G5B5
13:26:39: D3D9: Vertex texture format supported - PF_A8R8G8B8
13:26:39: D3D9: Vertex texture format supported - PF_B8G8R8A8
13:26:39: D3D9: Vertex texture format supported - PF_A2R10G10B10
13:26:39: D3D9: Vertex texture format supported - PF_A2B10G10R10
13:26:39: D3D9: Vertex texture format supported - PF_DXT1
13:26:39: D3D9: Vertex texture format supported - PF_DXT2
13:26:39: D3D9: Vertex texture format supported - PF_DXT3
13:26:39: D3D9: Vertex texture format supported - PF_DXT4
13:26:39: D3D9: Vertex texture format supported - PF_DXT5
13:26:39: D3D9: Vertex texture format supported - PF_FLOAT16_RGB
13:26:39: D3D9: Vertex texture format supported - PF_FLOAT16_RGBA
13:26:39: D3D9: Vertex texture format supported - PF_FLOAT32_RGB
13:26:39: D3D9: Vertex texture format supported - PF_FLOAT32_RGBA
13:26:39: D3D9: Vertex texture format supported - PF_X8R8G8B8
13:26:39: D3D9: Vertex texture format supported - PF_X8B8G8R8
13:26:39: D3D9: Vertex texture format supported - PF_R8G8B8A8
13:26:39: D3D9: Vertex texture format supported - PF_DEPTH
13:26:39: D3D9: Vertex texture format supported - PF_SHORT_RGBA
13:26:39: D3D9: Vertex texture format supported - PF_FLOAT16_R
13:26:39: D3D9: Vertex texture format supported - PF_FLOAT32_R
13:26:39: D3D9: Vertex texture format supported - PF_SHORT_GR
13:26:39: D3D9: Vertex texture format supported - PF_FLOAT16_GR
13:26:39: D3D9: Vertex texture format supported - PF_FLOAT32_GR
13:26:39: D3D9: Vertex texture format supported - PF_SHORT_RGB
13:26:39: D3D9: Vertex texture format supported - PF_PVRTC_RGB2
13:26:39: D3D9: Vertex texture format supported - PF_PVRTC_RGBA2
13:26:39: D3D9: Vertex texture format supported - PF_PVRTC_RGB4
13:26:39: D3D9: Vertex texture format supported - PF_PVRTC_RGBA4
13:26:39: RenderSystem capabilities
13:26:39: -------------------------
13:26:39: RenderSystem Name: Direct3D9 Rendering Subsystem
13:26:39: GPU Vendor: ati
13:26:39: Device Name: Monitor-1-AMD Radeon(TM) R5 Graphics
13:26:39: Driver Version: 26.20.13025.1004
13:26:39:  * Fixed function pipeline: yes
13:26:39:  * Hardware generation of mipmaps: yes
13:26:39:  * Texture blending: yes
13:26:39:  * Anisotropic texture filtering: yes
13:26:39:  * Dot product texture operation: yes
13:26:39:  * Cube mapping: yes
13:26:39:  * Hardware stencil buffer: yes
13:26:39:    - Stencil depth: 8
13:26:39:    - Two sided stencil support: yes
13:26:39:    - Wrap stencil values: yes
13:26:39:  * Hardware vertex / index buffers: yes
13:26:39:  * Vertex programs: yes
13:26:39:  * Number of floating-point constants for vertex programs: 256
13:26:39:  * Number of integer constants for vertex programs: 16
13:26:39:  * Number of boolean constants for vertex programs: 16
13:26:39:  * Fragment programs: yes
13:26:39:  * Number of floating-point constants for fragment programs: 224
13:26:39:  * Number of integer constants for fragment programs: 16
13:26:39:  * Number of boolean constants for fragment programs: 16
13:26:39:  * Geometry programs: no
13:26:39:  * Number of floating-point constants for geometry programs: 0
13:26:39:  * Number of integer constants for geometry programs: 0
13:26:39:  * Number of boolean constants for geometry programs: 0
13:26:39:  * Supported Shader Profiles: hlsl ps_1_1 ps_1_2 ps_1_3 ps_1_4 ps_2_0 ps_2_a ps_2_b ps_2_x ps_3_0 vs_1_1 vs_2_0 vs_2_a vs_2_x vs_3_0
13:26:39:  * Texture Compression: yes
13:26:39:    - DXT: yes
13:26:39:    - VTC: no
13:26:39:    - PVRTC: no
13:26:39:  * Scissor Rectangle: yes
13:26:39:  * Hardware Occlusion Query: yes
13:26:39:  * User clip planes: yes
13:26:39:  * VET_UBYTE4 vertex element type: yes
13:26:39:  * Infinite far plane projection: yes
13:26:39:  * Hardware render-to-texture: yes
13:26:39:  * Floating point textures: yes
13:26:39:  * Non-power-of-two textures: yes
13:26:39:  * Volume textures: yes
13:26:39:  * Multiple Render Targets: 4
13:26:39:    - With different bit depths: yes
13:26:39:  * Point Sprites: yes
13:26:39:  * Extended point parameters: yes
13:26:39:  * Max Point Size: 10
13:26:39:  * Vertex texture fetch: yes
13:26:39:  * Number of world matrices: 0
13:26:39:  * Number of texture units: 8
13:26:39:  * Stencil buffer depth: 8
13:26:39:  * Number of vertex blend matrices: 0
13:26:39:    - Max vertex textures: 4
13:26:39:    - Vertex textures shared: no
13:26:39:  * Render to Vertex Buffer : no
13:26:39:  * DirectX per stage constants: yes
13:26:39: DefaultWorkQueue('Root') initialising on thread main.
13:26:39: Particle Renderer Type 'billboard' registered
13:26:39: WM_MOVE
13:26:39: Added resource location './' of type 'FileSystem' to resource group 'General'
13:26:39: Added resource location './resources' of type 'FileSystem' to resource group 'General'
13:26:39: OGRE EXCEPTION(7:InternalErrorException): ./resources/SdkTrays.zip - error whilst opening archive: Unable to read zip file. in ZipArchive::checkZzipError at ..\..\OgreMain\src\OgreZip.cpp (line 280)
